<?xml version="1.0" encoding="UTF-8"?>
<testsuite xmlns:xsi="http://www.w3.org/2001/XMLSchema-instance" xsi:noNamespaceSchemaLocation="https://maven.apache.org/surefire/maven-surefire-plugin/xsd/surefire-test-report-3.0.xsd" version="3.0" name="com.kafka.producer.pool.TransactionalProducerPoolTest" time="1.742" tests="16" errors="0" skipped="0" failures="0">
  <properties>
[...]
</properties>
  <testcase name="timeoutDuringCommitEvictsProducerWithoutRetryingAmbiguousTransaction" classname="com.kafka.producer.pool.TransactionalProducerPoolTest" time="0.835">
    <system-err><![CDATA[WARNING: A Java agent has been loaded dynamically (/tmp/kafka-consumer-m2/net/bytebuddy/byte-buddy-agent/1.14.9/byte-buddy-agent-1.14.9.jar)
WARNING: If a serviceability tool is in use, please run with -XX:+EnableDynamicAgentLoading to hide this warning
WARNING: If a serviceability tool is not in use, please run with -Djdk.instrument.traceUsage for more information
WARNING: Dynamic loading of agents will be disallowed by default in a future release
]]></system-err>
  </testcase>
  <testcase name="releasingSameLeaseTwiceIsRejectedWithoutCorruptingPoolCounts" classname="com.kafka.producer.pool.TransactionalProducerPoolTest" time="0.004"/>
  <testcase name="leaseRejectedWhenPoolDraining" classname="com.kafka.producer.pool.TransactionalProducerPoolTest" time="0.004"/>
  <testcase name="poolInitializesAndBecomesHealthy" classname="com.kafka.producer.pool.TransactionalProducerPoolTest" time="0.003"/>
  <testcase name="acquireLeaseAndRelease" classname="com.kafka.producer.pool.TransactionalProducerPoolTest" time="0.004"/>
  <testcase name="retriableErrorIsRetriedThenSucceeds" classname="com.kafka.producer.pool.TransactionalProducerPoolTest" time="0.019"/>
  <testcase name="shutdownTransitionsPoolToStopped" classname="com.kafka.producer.pool.TransactionalProducerPoolTest" time="0.004"/>
  <testcase name="executeInTransactionSuccessPath" classname="com.kafka.producer.pool.TransactionalProducerPoolTest" time="0.006"/>
  <testcase name="retriableErrorExhaustsRetriesAndThrows" classname="com.kafka.producer.pool.TransactionalProducerPoolTest" time="0.033"/>
  <testcase name="executeInTransactionSendsRecord" classname="com.kafka.producer.pool.TransactionalProducerPoolTest" time="0.005"/>
  <testcase name="shutdownClosesAllProducers" classname="com.kafka.producer.pool.TransactionalProducerPoolTest" time="0.004"/>
  <testcase name="fatalFencingEvictsProducerAndTriggersRecovery" classname="com.kafka.producer.pool.TransactionalProducerPoolTest" time="0.206"/>
  <testcase name="poolFailsFastWhenInitTransactionsAlwaysFails" classname="com.kafka.producer.pool.TransactionalProducerPoolTest" time="0.02"/>
  <testcase name="acquireAllLeasesExhaustsPool" classname="com.kafka.producer.pool.TransactionalProducerPoolTest" time="0.504"/>
  <testcase name="exceptionInCallbackAbortsTransaction" classname="com.kafka.producer.pool.TransactionalProducerPoolTest" time="0.003"/>
  <testcase name="concurrentLeasesAreExclusive" classname="com.kafka.producer.pool.TransactionalProducerPoolTest" time="0.058"/>
</testsuite>