<?xml version="1.0" encoding="UTF-8"?>
<testsuite xmlns:xsi="http://www.w3.org/2001/XMLSchema-instance" xsi:noNamespaceSchemaLocation="https://maven.apache.org/surefire/maven-surefire-plugin/xsd/surefire-test-report-3.0.xsd" version="3.0" name="com.kafka.producer.pool.ErrorClassifierTest" time="0.044" tests="10" errors="0" skipped="0" failures="0">
  <properties>
[...]
</properties>
  <testcase name="classifiesGenericRuntimeExceptionAsAbortRequired" classname="com.kafka.producer.pool.ErrorClassifierTest" time="0.019"/>
  <testcase name="classifiesTimeoutDuringCommitAsFatal" classname="com.kafka.producer.pool.ErrorClassifierTest" time="0.0"/>
  <testcase name="classifiesProducerFencedExceptionAsFatal" classname="com.kafka.producer.pool.ErrorClassifierTest" time="0.0"/>
  <testcase name="classifiesTimeoutNotDuringCommitAsRetriable" classname="com.kafka.producer.pool.ErrorClassifierTest" time="0.001"/>
  <testcase name="classifiesAuthorizationExceptionAsFatal" classname="com.kafka.producer.pool.ErrorClassifierTest" time="0.001"/>
  <testcase name="classifiesInterruptedExceptionAsRetriable" classname="com.kafka.producer.pool.ErrorClassifierTest" time="0.001"/>
  <testcase name="classifiesInvalidProducerEpochAsFatal" classname="com.kafka.producer.pool.ErrorClassifierTest" time="0.0"/>
  <testcase name="classifiesCommitFailedExceptionAsAbortRequired" classname="com.kafka.producer.pool.ErrorClassifierTest" time="0.0"/>
  <testcase name="classifiesOutOfOrderSequenceAsFatal" classname="com.kafka.producer.pool.ErrorClassifierTest" time="0.0"/>
  <testcase name="classifiesNetworkExceptionAsRetriable" classname="com.kafka.producer.pool.ErrorClassifierTest" time="0.001"/>
</testsuite>