<?xml version="1.0" encoding="UTF-8"?>
<testsuite xmlns:xsi="http://www.w3.org/2001/XMLSchema-instance" xsi:noNamespaceSchemaLocation="https://maven.apache.org/surefire/maven-surefire-plugin/xsd/surefire-test-report-3.0.xsd" version="3.0" name="com.kafka.producer.pool.RecoverySupervisorTest" time="0.438" tests="3" errors="0" skipped="0" failures="0">
  <properties>
[...]
</properties>
  <testcase name="recoveryInvokesFailureCallbackOnInitializationError" classname="com.kafka.producer.pool.RecoverySupervisorTest" time="0.129">
    <system-out><![CDATA[04:17:32.234 [main] DEBUG com.kafka.producer.pool.PooledProducer -- Producer state forced transactionalId=svc-inst-0-0 INITIALIZING → RECOVERING
04:17:32.236 [main] INFO com.kafka.producer.pool.RecoverySupervisor -- Scheduling recovery for transactionalId=svc-inst-0-0 slot=0
04:17:32.239 [kafka-pool-recovery] INFO com.kafka.producer.pool.PooledProducer -- Initialising transactions for producer transactionalId=svc-inst-0-0
04:17:32.239 [kafka-pool-recovery] ERROR com.kafka.producer.pool.RecoverySupervisor -- Recovery failed for slot=0 transactionalId=svc-inst-0-0
java.lang.RuntimeException: broker down
	at org.apache.kafka.clients.producer.KafkaProducer.initTransactions(KafkaProducer.java:615)
	at com.kafka.producer.pool.PooledProducer.initTransactions(PooledProducer.java:46)
	at com.kafka.producer.pool.RecoverySupervisor.buildReplacement(RecoverySupervisor.java:105)
	at com.kafka.producer.pool.RecoverySupervisor.lambda$scheduleRecovery$1(RecoverySupervisor.java:84)
	at java.base/java.util.concurrent.Executors$RunnableAdapter.call(Executors.java:539)
	at java.base/java.util.concurrent.FutureTask.run(FutureTask.java:264)
	at java.base/java.util.concurrent.ThreadPoolExecutor.runWorker(ThreadPoolExecutor.java:1136)
	at java.base/java.util.concurrent.ThreadPoolExecutor$Worker.run(ThreadPoolExecutor.java:635)
	at java.base/java.lang.Thread.run(Thread.java:840)
]]></system-out>
  </testcase>
  <testcase name="shutdownPreventsNewRecoveries" classname="com.kafka.producer.pool.RecoverySupervisorTest" time="0.203">
    <system-out><![CDATA[04:17:32.362 [main] WARN com.kafka.producer.pool.RecoverySupervisor -- Recovery requested after shutdown — ignoring transactionalId=svc-inst-0-0
]]></system-out>
  </testcase>
  <testcase name="recoveryCreatesReplacementAndInvokesCallback" classname="com.kafka.producer.pool.RecoverySupervisorTest" time="0.104">
    <system-out><![CDATA[04:17:32.565 [main] DEBUG com.kafka.producer.pool.PooledProducer -- Producer state forced transactionalId=svc-inst-0-1 INITIALIZING → RECOVERING
04:17:32.565 [main] INFO com.kafka.producer.pool.RecoverySupervisor -- Scheduling recovery for transactionalId=svc-inst-0-1 slot=1
04:17:32.566 [kafka-pool-recovery] INFO com.kafka.producer.pool.PooledProducer -- Initialising transactions for producer transactionalId=svc-inst-0-1
04:17:32.566 [kafka-pool-recovery] INFO com.kafka.producer.pool.PooledProducer -- Producer ready transactionalId=svc-inst-0-1
04:17:32.566 [kafka-pool-recovery] INFO com.kafka.producer.pool.RecoverySupervisor -- Recovery succeeded transactionalId=svc-inst-0-1
]]></system-out>
  </testcase>
</testsuite>